.=====================================================================.
                                                                       
  .d8888b.   .o8888b.  db  .d8888b.  d8888b. d88888b d8888b.  .d888b.  
 .8P    Y8. d8P    Y8  88 .8P    Y8. 88  `8D 88'     88  `8D .8P , Y8. 
 88      88 8P     .ooo88 88      88 88oooY' 88oooo  88oobY' 88  |  88 
 88      88 8b     `~~~88 88      88 88~~~b. 88~~~~  88`8b   88  |/ 88 
 `8b    d8' Y8b    d8  88 `8b    d8' 88   8D 88.     88 `88. `8b | d8' 
  `Y8888P'   `Y8888P'  YP  `Y8888P'  Y8888P' Y88888P 88   YD  `Y888P'  
                                                                       
`========================== INSTALLATION LOG ========================='

[2020/01/08 12:28:01] Host: Windows NT DESKTOP-56AEKF6 10.0 build 18362 (Windows 10) AMD64
[2020/01/08 12:28:01] PHP version: 7.4.1
[2020/01/08 12:28:01] Server software: Apache/2.4.41 (Win64) OpenSSL/1.1.1c PHP/7.4.1
[2020/01/08 12:28:01] Operating system: WINNT
[2020/01/08 12:28:01] Memory limit: 512M
[2020/01/08 12:28:01] Max execution time: 3600
.============================ POST REQUEST ==========================.
[2020/01/08 12:28:02] Postback payload: Array
(
    [code] => phpVersion
    [handler] => onCheckRequirement
)

[2020/01/08 12:28:02] System check: phpVersion
[2020/01/08 12:28:02] Requirement phpVersion +OK
[2020/01/08 12:28:02] Execute handler (onCheckRequirement): Array
(
    [result] => 1
)

.============================ POST REQUEST ==========================.
[2020/01/08 12:28:02] Postback payload: Array
(
    [code] => curlLibrary
    [handler] => onCheckRequirement
)

[2020/01/08 12:28:02] System check: curlLibrary
[2020/01/08 12:28:02] Requirement curlLibrary +OK
[2020/01/08 12:28:02] Execute handler (onCheckRequirement): Array
(
    [result] => 1
)

.============================ POST REQUEST ==========================.
[2020/01/08 12:28:03] Postback payload: Array
(
    [code] => liveConnection
    [handler] => onCheckRequirement
)

[2020/01/08 12:28:03] System check: liveConnection
[2020/01/08 12:28:03] Server request: ping
[2020/01/08 12:28:03] Request information: Array
(
    [url] => http://gateway.octobercms.com/api/ping
    [content_type] => application/json
    [http_code] => 200
    [header_size] => 477
    [request_size] => 185
    [filetime] => -1
    [ssl_verify_result] => 0
    [redirect_count] => 0
    [total_time] => 0.503411
    [namelookup_time] => 0.032781
    [connect_time] => 0.037698
    [pretransfer_time] => 0.038106
    [size_upload] => 46
    [size_download] => 12
    [speed_download] => 23
    [speed_upload] => 91
    [download_content_length] => -1
    [upload_content_length] => 46
    [starttransfer_time] => 0.503029
    [redirect_time] => 0
    [redirect_url] => 
    [primary_ip] => 54.214.90.182
    [certinfo] => Array
        (
        )

    [primary_port] => 80
    [local_ip] => 192.168.1.7
    [local_port] => 55231
    [http_version] => 2
    [protocol] => 1
    [ssl_verifyresult] => 0
    [scheme] => HTTP
    [appconnect_time_us] => 0
    [connect_time_us] => 37698
    [namelookup_time_us] => 32781
    [pretransfer_time_us] => 38106
    [redirect_time_us] => 0
    [starttransfer_time_us] => 503029
    [total_time_us] => 503411
)

[2020/01/08 12:28:03] Requirement liveConnection +OK
[2020/01/08 12:28:03] Execute handler (onCheckRequirement): Array
(
    [result] => 1
)

.============================ POST REQUEST ==========================.
[2020/01/08 12:28:04] Postback payload: Array
(
    [code] => writePermission
    [handler] => onCheckRequirement
)

[2020/01/08 12:28:04] System check: writePermission
[2020/01/08 12:28:04] Requirement writePermission +OK
[2020/01/08 12:28:04] Execute handler (onCheckRequirement): Array
(
    [result] => 1
)

.============================ POST REQUEST ==========================.
[2020/01/08 12:28:04] Postback payload: Array
(
    [code] => pdoLibrary
    [handler] => onCheckRequirement
)

[2020/01/08 12:28:04] System check: pdoLibrary
[2020/01/08 12:28:04] Requirement pdoLibrary +OK
[2020/01/08 12:28:04] Execute handler (onCheckRequirement): Array
(
    [result] => 1
)

.============================ POST REQUEST ==========================.
[2020/01/08 12:28:05] Postback payload: Array
(
    [code] => mbstringLibrary
    [handler] => onCheckRequirement
)

[2020/01/08 12:28:05] System check: mbstringLibrary
[2020/01/08 12:28:05] Requirement mbstringLibrary +OK
[2020/01/08 12:28:05] Execute handler (onCheckRequirement): Array
(
    [result] => 1
)

.============================ POST REQUEST ==========================.
[2020/01/08 12:28:05] Postback payload: Array
(
    [code] => fileinfoLibrary
    [handler] => onCheckRequirement
)

[2020/01/08 12:28:05] System check: fileinfoLibrary
[2020/01/08 12:28:05] Requirement fileinfoLibrary +OK
[2020/01/08 12:28:05] Execute handler (onCheckRequirement): Array
(
    [result] => 1
)

.============================ POST REQUEST ==========================.
[2020/01/08 12:28:06] Postback payload: Array
(
    [code] => sslLibrary
    [handler] => onCheckRequirement
)

[2020/01/08 12:28:06] System check: sslLibrary
[2020/01/08 12:28:06] Requirement sslLibrary +OK
[2020/01/08 12:28:06] Execute handler (onCheckRequirement): Array
(
    [result] => 1
)

.============================ POST REQUEST ==========================.
[2020/01/08 12:28:06] Postback payload: Array
(
    [code] => zipLibrary
    [handler] => onCheckRequirement
)

[2020/01/08 12:28:06] System check: zipLibrary
[2020/01/08 12:28:06] Requirement zipLibrary +OK
[2020/01/08 12:28:06] Execute handler (onCheckRequirement): Array
(
    [result] => 1
)

.============================ POST REQUEST ==========================.
[2020/01/08 12:28:07] Postback payload: Array
(
    [code] => gdLibrary
    [handler] => onCheckRequirement
)

[2020/01/08 12:28:07] System check: gdLibrary
[2020/01/08 12:28:07] Requirement gdLibrary +OK
[2020/01/08 12:28:07] Execute handler (onCheckRequirement): Array
(
    [result] => 1
)

.============================ POST REQUEST ==========================.
[2020/01/08 12:29:13] Postback payload: Array
(
    [db_type] => mysql
    [db_host] => localhost
    [db_port] => 
    [db_name] => october
    [db_user] => root
    [db_pass] => *******
    [admin_first_name] => Admin
    [admin_last_name] => Person
    [admin_email] => *******@*****.com
    [admin_login] => admin
    [admin_password] => *******
    [admin_confirm_password] => *******
    [backend_uri] => /backend
    [encryption_code] => *******
    [file_mask] => 777
    [folder_mask] => 777
    [handler] => onValidateDatabase
)

.============================ POST REQUEST ==========================.
[2020/01/08 12:29:13] Postback payload: Array
(
    [db_type] => mysql
    [db_host] => localhost
    [db_port] => 
    [db_name] => october
    [db_user] => root
    [db_pass] => *******
    [admin_first_name] => Admin
    [admin_last_name] => Person
    [admin_email] => *******@*****.com
    [admin_login] => admin
    [admin_password] => *******
    [admin_confirm_password] => *******
    [backend_uri] => /backend
    [encryption_code] => *******
    [file_mask] => 777
    [folder_mask] => 777
    [handler] => onValidateAdminAccount
)

.============================ POST REQUEST ==========================.
[2020/01/08 12:29:13] Postback payload: Array
(
    [db_type] => mysql
    [db_host] => localhost
    [db_port] => 
    [db_name] => october
    [db_user] => root
    [db_pass] => *******
    [admin_first_name] => Admin
    [admin_last_name] => Person
    [admin_email] => *******@*****.com
    [admin_login] => admin
    [admin_password] => *******
    [admin_confirm_password] => *******
    [backend_uri] => /backend
    [encryption_code] => *******
    [file_mask] => 777
    [folder_mask] => 777
    [handler] => onValidateAdvancedConfig
)

.============================ POST REQUEST ==========================.
[2020/01/08 12:29:14] Postback payload: Array
(
    [step] => getMetaData
    [meta] => 
    [handler] => onInstallStep
)

[2020/01/08 12:29:14] Install step: getMetaData
[2020/01/08 12:29:15] Server request: core/install
[2020/01/08 12:29:15] Request information: Array
(
    [url] => http://gateway.octobercms.com/api/core/install
    [content_type] => application/json
    [http_code] => 200
    [header_size] => 477
    [request_size] => 193
    [filetime] => -1
    [ssl_verify_result] => 0
    [redirect_count] => 0
    [total_time] => 1.033152
    [namelookup_time] => 0.45326
    [connect_time] => 0.457249
    [pretransfer_time] => 0.457301
    [size_upload] => 46
    [size_download] => 132
    [speed_download] => 127
    [speed_upload] => 44
    [download_content_length] => -1
    [upload_content_length] => 46
    [starttransfer_time] => 1.03294
    [redirect_time] => 0
    [redirect_url] => 
    [primary_ip] => 52.41.246.127
    [certinfo] => Array
        (
        )

    [primary_port] => 80
    [local_ip] => 192.168.1.7
    [local_port] => 55313
    [http_version] => 2
    [protocol] => 1
    [ssl_verifyresult] => 0
    [scheme] => HTTP
    [appconnect_time_us] => 0
    [connect_time_us] => 457249
    [namelookup_time_us] => 453260
    [pretransfer_time_us] => 457301
    [redirect_time_us] => 0
    [starttransfer_time_us] => 1032940
    [total_time_us] => 1033152
)

[2020/01/08 12:29:15] Step getMetaData +OK
[2020/01/08 12:29:15] Execute handler (onInstallStep): Array
(
    [result] => Array
        (
            [core] => Array
                (
                    [hash] => 28328179a5acbe1bd36fe8dd38637288
                    [build] => 462
                    [uhash] => 455c8d34ba2d80b1b408144879a786c7
                )

            [plugins] => Array
                (
                )

            [themes] => Array
                (
                )

        )

)

.============================ POST REQUEST ==========================.
[2020/01/08 12:29:16] Postback payload: Array
(
    [step] => downloadCore
    [meta] => Array
        (
            [core] => Array
                (
                    [hash] => 28328179a5acbe1bd36fe8dd38637288
                    [build] => 462
                    [uhash] => 455c8d34ba2d80b1b408144879a786c7
                )

        )

    [handler] => onInstallStep
)

[2020/01/08 12:29:16] Install step: downloadCore
[2020/01/08 12:29:25] Saving to file (core): C:/xampp/htdocs/octobertest/install_files/temp/a74ad8dfacd4f985eb3977517615ce25.arc
[2020/01/08 12:29:25] Step downloadCore +OK
[2020/01/08 12:29:25] Execute handler (onInstallStep): Array
(
    [result] => 
)

.============================ POST REQUEST ==========================.
[2020/01/08 12:29:25] Postback payload: Array
(
    [step] => extractCore
    [meta] => Array
        (
            [core] => Array
                (
                    [hash] => 28328179a5acbe1bd36fe8dd38637288
                    [build] => 462
                    [uhash] => 455c8d34ba2d80b1b408144879a786c7
                )

        )

    [handler] => onInstallStep
)

[2020/01/08 12:29:25] Install step: extractCore
[2020/01/08 12:29:25] Extracting file (core): a74ad8dfacd4f985eb3977517615ce25.arc
[2020/01/08 12:30:39] Step extractCore +OK
[2020/01/08 12:30:39] Execute handler (onInstallStep): Array
(
    [result] => 1
)

.============================ POST REQUEST ==========================.
[2020/01/08 12:30:39] Postback payload: Array
(
    [step] => setupConfig
    [meta] => Array
        (
            [core] => Array
                (
                    [hash] => 28328179a5acbe1bd36fe8dd38637288
                    [build] => 462
                    [uhash] => 455c8d34ba2d80b1b408144879a786c7
                )

        )

    [db_type] => mysql
    [db_host] => localhost
    [db_port] => 
    [db_name] => october
    [db_user] => root
    [db_pass] => *******
    [admin_first_name] => Admin
    [admin_last_name] => Person
    [admin_email] => *******@*****.com
    [admin_login] => admin
    [admin_password] => *******
    [admin_confirm_password] => *******
    [backend_uri] => /backend
    [encryption_code] => *******
    [file_mask] => 777
    [folder_mask] => 777
    [handler] => onInstallStep
)

[2020/01/08 12:30:39] Install step: setupConfig
[2020/01/08 11:30:40] Step setupConfig +OK
[2020/01/08 11:30:40] Execute handler (onInstallStep): Array
(
    [result] => 
)

.============================ POST REQUEST ==========================.
[2020/01/08 12:30:40] Postback payload: Array
(
    [step] => createAdmin
    [meta] => Array
        (
            [core] => Array
                (
                    [hash] => 28328179a5acbe1bd36fe8dd38637288
                    [build] => 462
                    [uhash] => 455c8d34ba2d80b1b408144879a786c7
                )

        )

    [db_type] => mysql
    [db_host] => localhost
    [db_port] => 
    [db_name] => october
    [db_user] => root
    [db_pass] => *******
    [admin_first_name] => Admin
    [admin_last_name] => Person
    [admin_email] => *******@*****.com
    [admin_login] => admin
    [admin_password] => *******
    [admin_confirm_password] => *******
    [backend_uri] => /backend
    [encryption_code] => *******
    [file_mask] => 777
    [folder_mask] => 777
    [handler] => onInstallStep
)

[2020/01/08 12:30:40] Install step: createAdmin
[2020/01/08 11:30:42] Step createAdmin +OK
[2020/01/08 11:30:42] Execute handler (onInstallStep): Array
(
    [result] => 
)

.============================ POST REQUEST ==========================.
[2020/01/08 12:30:43] Postback payload: Array
(
    [disableLog] => 1
)

[2020/01/08 12:30:43] Install step: setupProject
[2020/01/08 12:30:43] Step setupProject +OK
[2020/01/08 12:30:43] Execute handler (onInstallStep): Array
(
    [result] => 
)

.============================ POST REQUEST ==========================.
[2020/01/08 12:30:43] Postback payload: Array
(
    [step] => finishInstall
    [meta] => Array
        (
            [core] => Array
                (
                    [hash] => 28328179a5acbe1bd36fe8dd38637288
                    [build] => 462
                    [uhash] => 455c8d34ba2d80b1b408144879a786c7
                )

        )

    [hash] => 28328179a5acbe1bd36fe8dd38637288
    [build] => 462
    [uhash] => 455c8d34ba2d80b1b408144879a786c7
    [handler] => onInstallStep
)

[2020/01/08 12:30:43] Install step: finishInstall
[2020/01/08 11:30:43] Cleaning up file: a74ad8dfacd4f985eb3977517615ce25.arc
[2020/01/08 11:30:43] Step finishInstall +OK
[2020/01/08 11:30:43] Execute handler (onInstallStep): Array
(
    [result] => 
)

